d:\c\projects\svmhypervisor-preview\svmhypervisor\x64\debug\vc145.pdb
d:\c\projects\svmhypervisor-preview\svmhypervisor\x64\debug\x64diasm.obj
d:\c\projects\svmhypervisor-preview\svmhypervisor\x64\debug\vmcb.obj
d:\c\projects\svmhypervisor-preview\svmhypervisor\x64\debug\pte.obj
d:\c\projects\svmhypervisor-preview\svmhypervisor\x64\debug\hook.obj
d:\c\projects\svmhypervisor-preview\svmhypervisor\x64\debug\export_func.obj
d:\c\projects\svmhypervisor-preview\svmhypervisor\x64\debug\driver.obj
d:\c\projects\svmhypervisor-preview\svmhypervisor\x64\debug\cpuid.obj
d:\c\projects\svmhypervisor-preview\x64\debug\svmhypervisor.sys
d:\c\projects\svmhypervisor-preview\x64\debug\svmhypervisor.pdb
d:\c\projects\svmhypervisor-preview\svmhypervisor\x64\debug\asmfunc.obj
d:\c\projects\svmhypervisor-preview\testdriver\include\svmhypervisor.lib
d:\c\projects\svmhypervisor-preview\testdriver\include\svmhypervisor.exp
d:\c\projects\svmhypervisor-preview\x64\debug\svmhypervisor.cer
d:\c\projects\svmhypervisor-preview\svmhypervisor\x64\debug\svmhypervisor.tlog\cl.command.1.tlog
d:\c\projects\svmhypervisor-preview\svmhypervisor\x64\debug\svmhypervisor.tlog\cl.items.tlog
d:\c\projects\svmhypervisor-preview\svmhypervisor\x64\debug\svmhypervisor.tlog\cl.read.1.tlog
d:\c\projects\svmhypervisor-preview\svmhypervisor\x64\debug\svmhypervisor.tlog\cl.write.1.tlog
d:\c\projects\svmhypervisor-preview\svmhypervisor\x64\debug\svmhypervisor.tlog\link.command.1.tlog
d:\c\projects\svmhypervisor-preview\svmhypervisor\x64\debug\svmhypervisor.tlog\link.read.1.tlog
d:\c\projects\svmhypervisor-preview\svmhypervisor\x64\debug\svmhypervisor.tlog\link.secondary.1.tlog
d:\c\projects\svmhypervisor-preview\svmhypervisor\x64\debug\svmhypervisor.tlog\link.write.1.tlog
d:\c\projects\svmhypervisor-preview\svmhypervisor\x64\debug\svmhypervisor.tlog\masm.read.1u.tlog
d:\c\projects\svmhypervisor-preview\svmhypervisor\x64\debug\svmhypervisor.tlog\masm.write.1u.tlog
d:\c\projects\svmhypervisor-preview\svmhypervisor\x64\debug\svmhypervisor.tlog\signtool.command.1.tlog
d:\c\projects\svmhypervisor-preview\svmhypervisor\x64\debug\svmhypervisor.tlog\signtool.read.1.tlog
d:\c\projects\svmhypervisor-preview\svmhypervisor\x64\debug\svmhypervisor.tlog\signtool.timestamp.1.tlog
d:\c\projects\svmhypervisor-preview\svmhypervisor\x64\debug\svmhypervisor.tlog\signtool.write.1.tlog
