nt!DbgBreakPointWithStatus:
fffff800`c8afa090 cc              int     3
0: kd> g
id1=0x68747541
id2=0x444d4163
id3=0x69746e65
设备符合要求
[+]successed to set entry shadow page for CPU 0.
[+]successed to set entry shadow page for CPU 1.
[+]successed to set entry shadow page for CPU 2.
[+]successed to set entry shadow page for CPU 3.
[+]successed to set entry shadow page for CPU 4.
[+]successed to set entry shadow page for CPU 5.
[+]successed to set entry shadow page for CPU 6.
[+]successed to set entry shadow page for CPU 7.
[+]successed to set hook protection shadow page for CPU 0.
[+]successed to set hook protection shadow page for CPU 1.
[+]successed to set hook protection shadow page for CPU 2.
[+]successed to set hook protection shadow page for CPU 3.
[+]successed to set hook protection shadow page for CPU 4.
[+]successed to set hook protection shadow page for CPU 5.
[+]successed to set hook protection shadow page for CPU 6.
[+]successed to set hook protection shadow page for CPU 7.
[+]successed to set shadow page for CPU 0.
[+]successed to set shadow page for CPU 1.
[+]successed to set shadow page for CPU 2.
[+]successed to set shadow page for CPU 3.
[+]successed to set shadow page for CPU 4.
[+]successed to set shadow page for CPU 5.
[+]successed to set shadow page for CPU 6.
[+]successed to set shadow page for CPU 7.
[*]test function prologue length: 4 bytes.
[*]Original function prologue length: 5 bytes.
[*]FuncJmp address: 0xFFFF9D08E7603000
[*]Waiting to start SVM......
Break instruction exception - code 80000003 (first chance)
ffff9d08`e7602018 cc              int     3
7: kd> p 100
ffff9d08`e7602019 4881ec08010000  sub     rsp,108h
ffff9d08`e7602020 4889842400010000 mov     qword ptr [rsp+100h],rax
ffff9d08`e7602028 48894c2438      mov     qword ptr [rsp+38h],rcx
ffff9d08`e760202d 4889542440      mov     qword ptr [rsp+40h],rdx
ffff9d08`e7602032 4c89442448      mov     qword ptr [rsp+48h],r8
ffff9d08`e7602037 4c894c2450      mov     qword ptr [rsp+50h],r9
ffff9d08`e760203c 488b842430010000 mov     rax,qword ptr [rsp+130h]
ffff9d08`e7602044 4889442458      mov     qword ptr [rsp+58h],rax
ffff9d08`e7602049 488b842438010000 mov     rax,qword ptr [rsp+138h]
ffff9d08`e7602051 4889442460      mov     qword ptr [rsp+60h],rax
ffff9d08`e7602056 488b842440010000 mov     rax,qword ptr [rsp+140h]
ffff9d08`e760205e 4889442468      mov     qword ptr [rsp+68h],rax
ffff9d08`e7602063 488d4c2438      lea     rcx,[rsp+38h]
ffff9d08`e7602068 488d050f000000  lea     rax,[ffff9d08`e760207e]
ffff9d08`e760206f 50              push    rax
ffff9d08`e7602070 488b842408010000 mov     rax,qword ptr [rsp+108h]
ffff9d08`e7602078 ff2582ffffff    jmp     qword ptr [ffff9d08`e7602000]
SVMHypervisor!hook_test:
fffff800`5f30c010 48894c2408      mov     qword ptr [rsp+8],rcx
SVMHypervisor!hook_test+0x5:
fffff800`5f30c015 0fb605e52f0400  movzx   eax,byte ptr [SVMHypervisor!g_Test (fffff800`5f34f001)]
SVMHypervisor!hook_test+0xc:
fffff800`5f30c01c 85c0            test    eax,eax
SVMHypervisor!hook_test+0xe:
fffff800`5f30c01e 7507            jne     SVMHypervisor!hook_test+0x17 (fffff800`5f30c027)
SVMHypervisor!hook_test+0x17:
fffff800`5f30c027 33c0            xor     eax,eax
SVMHypervisor!hook_test+0x19:
fffff800`5f30c029 c3              ret
ffff9d08`e760207e 488b4c2458      mov     rcx,qword ptr [rsp+58h]
ffff9d08`e7602083 48898c2430010000 mov     qword ptr [rsp+130h],rcx
ffff9d08`e760208b 488b4c2460      mov     rcx,qword ptr [rsp+60h]
ffff9d08`e7602090 48898c2438010000 mov     qword ptr [rsp+138h],rcx
ffff9d08`e7602098 488b4c2468      mov     rcx,qword ptr [rsp+68h]
ffff9d08`e760209d 48898c2440010000 mov     qword ptr [rsp+140h],rcx
ffff9d08`e76020a5 488b4c2438      mov     rcx,qword ptr [rsp+38h]
ffff9d08`e76020aa 488b542440      mov     rdx,qword ptr [rsp+40h]
ffff9d08`e76020af 4c8b442448      mov     r8,qword ptr [rsp+48h]
ffff9d08`e76020b4 4c8b4c2450      mov     r9,qword ptr [rsp+50h]
ffff9d08`e76020b9 3d220000c0      cmp     eax,0C0000022h
ffff9d08`e76020be 0f84c3000000    je      ffff9d08`e7602187
ffff9d08`e76020c4 488b842400010000 mov     rax,qword ptr [rsp+100h]
ffff9d08`e76020cc 4881c408010000  add     rsp,108h
ffff9d08`e76020d3 4883ec78        sub     rsp,78h
ffff9d08`e76020d7 4889442470      mov     qword ptr [rsp+70h],rax
ffff9d08`e76020dc 48890c24        mov     qword ptr [rsp],rcx
ffff9d08`e76020e0 4889542408      mov     qword ptr [rsp+8],rdx
ffff9d08`e76020e5 4c89442410      mov     qword ptr [rsp+10h],r8
ffff9d08`e76020ea 4c894c2418      mov     qword ptr [rsp+18h],r9
ffff9d08`e76020ef 488b8424a0000000 mov     rax,qword ptr [rsp+0A0h]
ffff9d08`e76020f7 4889442420      mov     qword ptr [rsp+20h],rax
ffff9d08`e76020fc 488b8424a8000000 mov     rax,qword ptr [rsp+0A8h]
ffff9d08`e7602104 4889442428      mov     qword ptr [rsp+28h],rax
ffff9d08`e7602109 488b8424b0000000 mov     rax,qword ptr [rsp+0B0h]
ffff9d08`e7602111 4889442430      mov     qword ptr [rsp+30h],rax
ffff9d08`e7602116 488b442470      mov     rax,qword ptr [rsp+70h]
ffff9d08`e760211b ff35effeffff    push    qword ptr [ffff9d08`e7602010]
ffff9d08`e7602121 4883ec38        sub     rsp,38h
ffff9d08`e7602125 90              nop
ffff9d08`e7602126 90              nop
ffff9d08`e7602127 90              nop
ffff9d08`e7602128 90              nop
ffff9d08`e7602129 90              nop
ffff9d08`e760212a 90              nop
ffff9d08`e760212b 90              nop
ffff9d08`e760212c 90              nop
ffff9d08`e760212d 90              nop
ffff9d08`e760212e 90              nop
ffff9d08`e760212f 90              nop
ffff9d08`e7602130 90              nop
ffff9d08`e7602131 90              nop
ffff9d08`e7602132 90              nop
ffff9d08`e7602133 90              nop
ffff9d08`e7602134 90              nop
ffff9d08`e7602135 90              nop
ffff9d08`e7602136 90              nop
ffff9d08`e7602137 90              nop
ffff9d08`e7602138 90              nop
ffff9d08`e7602139 90              nop
ffff9d08`e760213a 90              nop
ffff9d08`e760213b 90              nop
ffff9d08`e760213c 90              nop
ffff9d08`e760213d 90              nop
ffff9d08`e760213e 90              nop
ffff9d08`e760213f 90              nop
ffff9d08`e7602140 90              nop
ffff9d08`e7602141 90              nop
ffff9d08`e7602142 90              nop
ffff9d08`e7602143 90              nop
ffff9d08`e7602144 90              nop
ffff9d08`e7602145 90              nop
ffff9d08`e7602146 90              nop
ffff9d08`e7602147 90              nop
ffff9d08`e7602148 90              nop
ffff9d08`e7602149 90              nop
ffff9d08`e760214a 90              nop
ffff9d08`e760214b 90              nop
ffff9d08`e760214c 90              nop
ffff9d08`e760214d 90              nop
ffff9d08`e760214e 90              nop
ffff9d08`e760214f 90              nop
ffff9d08`e7602150 90              nop
ffff9d08`e7602151 90              nop
ffff9d08`e7602152 90              nop
ffff9d08`e7602153 90              nop
ffff9d08`e7602154 90              nop
ffff9d08`e7602155 90              nop
ffff9d08`e7602156 90              nop
ffff9d08`e7602157 90              nop
ffff9d08`e7602158 90              nop
ffff9d08`e7602159 90              nop
ffff9d08`e760215a 90              nop
ffff9d08`e760215b 90              nop
ffff9d08`e760215c 90              nop
ffff9d08`e760215d 90              nop
ffff9d08`e760215e 90              nop
ffff9d08`e760215f 90              nop
ffff9d08`e7602160 90              nop
ffff9d08`e7602161 90              nop
ffff9d08`e7602162 90              nop
ffff9d08`e7602163 90              nop
ffff9d08`e7602164 90              nop
ffff9d08`e7602165 90              nop
ffff9d08`e7602166 90              nop
ffff9d08`e7602167 90              nop
ffff9d08`e7602168 90              nop
ffff9d08`e7602169 90              nop
ffff9d08`e760216a 90              nop
ffff9d08`e760216b 90              nop
ffff9d08`e760216c 90              nop
ffff9d08`e760216d 90              nop
ffff9d08`e760216e 90              nop
ffff9d08`e760216f 90              nop
ffff9d08`e7602170 90              nop
ffff9d08`e7602171 90              nop
ffff9d08`e7602172 90              nop
ffff9d08`e7602173 90              nop
ffff9d08`e7602174 90              nop
ffff9d08`e7602175 90              nop
ffff9d08`e7602176 90              nop
ffff9d08`e7602177 90              nop
ffff9d08`e7602178 90              nop
ffff9d08`e7602179 90              nop
ffff9d08`e760217a 90              nop
ffff9d08`e760217b ff2587feffff    jmp     qword ptr [ffff9d08`e7602008]
SVMHypervisor!test+0x4:
fffff800`5f30d004 658a042584010000 mov     al,byte ptr gs:[184h]
SVMHypervisor!test+0xc:
fffff800`5f30d00c 0fb6c0          movzx   eax,al
SVMHypervisor!test+0xf:
fffff800`5f30d00f 89442420        mov     dword ptr [rsp+20h],eax
SVMHypervisor!test+0x13:
fffff800`5f30d013 8b442420        mov     eax,dword ptr [rsp+20h]
SVMHypervisor!test+0x17:
fffff800`5f30d017 448bc8          mov     r9d,eax
SVMHypervisor!test+0x1a:
fffff800`5f30d01a 4c8d051f000000  lea     r8,[SVMHypervisor! ?? ::BJBKKONG::`string' (fffff800`5f30d040)]
SVMHypervisor!test+0x21:
fffff800`5f30d021 33d2            xor     edx,edx
SVMHypervisor!test+0x23:
fffff800`5f30d023 b94d000000      mov     ecx,4Dh
SVMHypervisor!test+0x28:
fffff800`5f30d028 ff152a210000    call    qword ptr [SVMHypervisor!_imp_DbgPrintEx (fffff800`5f30f158)]
[*]test called at core 2
Access violation - code c0000005 (!!! second chance !!!)
nt!PsGetThreadProcessId:
fffff800`c8a678f0 488b8108050000  mov     rax,qword ptr [rcx+508h]
1: kd> u fffff800`5f30f158
SVMHypervisor!_imp_DbgPrintEx:
fffff800`5f30f158 90              nop
fffff800`5f30f159 96              xchg    eax,esi
fffff800`5f30f15a 9a              ???
fffff800`5f30f15b c800f8ff        enter   0F800h,0FFh
fffff800`5f30f15f ff00            inc     dword ptr [rax]
fffff800`5f30f161 0000            add     byte ptr [rax],al
fffff800`5f30f163 0000            add     byte ptr [rax],al
fffff800`5f30f165 0000            add     byte ptr [rax],al
1: kd> uf SVMHypervisor!_imp_DbgPrintEx
Flow analysis was incomplete, some code may be missing
SVMHypervisor!_imp_DbgPrintEx:
fffff800`5f30f158 90              nop
fffff800`5f30f159 96              xchg    eax,esi
SVMHypervisor!_imp_DbgPrintEx:
fffff800`5f30f158 90              nop
fffff800`5f30f159 96              xchg    eax,esi
1: kd> dq fffff800`5f30f158 L1
fffff800`5f30f158  fffff800`c89a9690
1: kd> u fffff800`c89a9690
nt!DbgPrintEx:
fffff800`c89a9690 488bc4          mov     rax,rsp
fffff800`c89a9693 4c894018        mov     qword ptr [rax+18h],r8
fffff800`c89a9697 4c894820        mov     qword ptr [rax+20h],r9
fffff800`c89a969b 53              push    rbx
fffff800`c89a969c 55              push    rbp
fffff800`c89a969d 56              push    rsi
fffff800`c89a969e 57              push    rdi
fffff800`c89a969f 4154            push    r12
1: kd> r rcx
rcx=0000000000000000