d:\c\projects\svmhypervisor-preview\svmhypervisor\x64\release\vc145.pdb
d:\c\projects\svmhypervisor-preview\svmhypervisor\x64\release\x64diasm.obj
d:\c\projects\svmhypervisor-preview\svmhypervisor\x64\release\vmcb.obj
d:\c\projects\svmhypervisor-preview\svmhypervisor\x64\release\pte.obj
d:\c\projects\svmhypervisor-preview\svmhypervisor\x64\release\hook.obj
d:\c\projects\svmhypervisor-preview\svmhypervisor\x64\release\export_func.obj
d:\c\projects\svmhypervisor-preview\svmhypervisor\x64\release\driver.obj
d:\c\projects\svmhypervisor-preview\svmhypervisor\x64\release\cpuid.obj
d:\c\projects\svmhypervisor-preview\x64\release\svmhypervisor.sys
d:\c\projects\svmhypervisor-preview\x64\release\svmhypervisor.pdb
d:\c\projects\svmhypervisor-preview\svmhypervisor\x64\release\asmfunc.obj
d:\c\projects\svmhypervisor-preview\testdriver\include\svmhypervisor.lib
d:\c\projects\svmhypervisor-preview\testdriver\include\svmhypervisor.exp
d:\c\projects\svmhypervisor-preview\x64\release\svmhypervisor.cer
d:\c\projects\svmhypervisor-preview\svmhypervisor\x64\release\svmhypervisor.tlog\cl.command.1.tlog
d:\c\projects\svmhypervisor-preview\svmhypervisor\x64\release\svmhypervisor.tlog\cl.items.tlog
d:\c\projects\svmhypervisor-preview\svmhypervisor\x64\release\svmhypervisor.tlog\cl.read.1.tlog
d:\c\projects\svmhypervisor-preview\svmhypervisor\x64\release\svmhypervisor.tlog\cl.write.1.tlog
d:\c\projects\svmhypervisor-preview\svmhypervisor\x64\release\svmhypervisor.tlog\link.command.1.tlog
d:\c\projects\svmhypervisor-preview\svmhypervisor\x64\release\svmhypervisor.tlog\link.read.1.tlog
d:\c\projects\svmhypervisor-preview\svmhypervisor\x64\release\svmhypervisor.tlog\link.secondary.1.tlog
d:\c\projects\svmhypervisor-preview\svmhypervisor\x64\release\svmhypervisor.tlog\link.write.1.tlog
d:\c\projects\svmhypervisor-preview\svmhypervisor\x64\release\svmhypervisor.tlog\masm.read.1u.tlog
d:\c\projects\svmhypervisor-preview\svmhypervisor\x64\release\svmhypervisor.tlog\masm.write.1u.tlog
d:\c\projects\svmhypervisor-preview\svmhypervisor\x64\release\svmhypervisor.tlog\signtool.command.1.tlog
d:\c\projects\svmhypervisor-preview\svmhypervisor\x64\release\svmhypervisor.tlog\signtool.read.1.tlog
d:\c\projects\svmhypervisor-preview\svmhypervisor\x64\release\svmhypervisor.tlog\signtool.timestamp.1.tlog
d:\c\projects\svmhypervisor-preview\svmhypervisor\x64\release\svmhypervisor.tlog\signtool.write.1.tlog
